2023-09-23 18:21:10.478  INFO [EMPLOYEE-SERVICE,,] 8300 --- [restartedMain] c.m.employee.EmployeeServiceApplication  : Starting EmployeeServiceApplication using Java 17.0.8 on Johnny-PC with PID 8300 (D:\Programmer\Projects\Microservices-SpringBoot-V2\employee-service\target\classes started by Johnny in D:\Programmer\Projects\Microservices-SpringBoot-V2)
2023-09-23 18:21:10.481  INFO [EMPLOYEE-SERVICE,,] 8300 --- [restartedMain] c.m.employee.EmployeeServiceApplication  : No active profile set, falling back to 1 default profile: "default"
2023-09-23 18:21:10.664  INFO [EMPLOYEE-SERVICE,,] 8300 --- [restartedMain] o.s.c.c.c.ConfigServerConfigDataLoader   : Fetching config from server at : http://localhost:8888
2023-09-23 18:21:10.664  INFO [EMPLOYEE-SERVICE,,] 8300 --- [restartedMain] o.s.c.c.c.ConfigServerConfigDataLoader   : Located environment: name=EMPLOYEE-SERVICE, profiles=[default], label=null, version=bfc46c90cceea0c62d2b996578b519b1be6a8f76, state=null
2023-09-23 18:21:10.668  INFO [EMPLOYEE-SERVICE,,] 8300 --- [restartedMain] .e.DevToolsPropertyDefaultsPostProcessor : Devtools property defaults active! Set 'spring.devtools.add-properties' to 'false' to disable
2023-09-23 18:21:10.668  INFO [EMPLOYEE-SERVICE,,] 8300 --- [restartedMain] .e.DevToolsPropertyDefaultsPostProcessor : For additional web related logging consider setting the 'logging.level.web' property to 'DEBUG'
2023-09-23 18:21:13.117  INFO [EMPLOYEE-SERVICE,,] 8300 --- [restartedMain] .s.d.r.c.RepositoryConfigurationDelegate : Bootstrapping Spring Data JPA repositories in DEFAULT mode.
2023-09-23 18:21:13.323  INFO [EMPLOYEE-SERVICE,,] 8300 --- [restartedMain] .s.d.r.c.RepositoryConfigurationDelegate : Finished Spring Data repository scanning in 195 ms. Found 1 JPA repository interfaces.
2023-09-23 18:21:14.292  INFO [EMPLOYEE-SERVICE,,] 8300 --- [restartedMain] faultConfiguringBeanFactoryPostProcessor : No bean named 'errorChannel' has been explicitly defined. Therefore, a default PublishSubscribeChannel will be created.
2023-09-23 18:21:14.307  INFO [EMPLOYEE-SERVICE,,] 8300 --- [restartedMain] faultConfiguringBeanFactoryPostProcessor : No bean named 'integrationHeaderChannelRegistry' has been explicitly defined. Therefore, a default DefaultHeaderChannelRegistry will be created.
2023-09-23 18:21:14.550  INFO [EMPLOYEE-SERVICE,,] 8300 --- [restartedMain] o.s.cloud.context.scope.GenericScope     : BeanFactory id=87fb8d7d-ae02-3c73-a04b-6056aa67d466
2023-09-23 18:21:15.424  INFO [EMPLOYEE-SERVICE,,] 8300 --- [restartedMain] trationDelegate$BeanPostProcessorChecker : Bean 'org.springframework.cloud.client.loadbalancer.reactive.LoadBalancerBeanPostProcessorAutoConfiguration' of type [org.springframework.cloud.client.loadbalancer.reactive.LoadBalancerBeanPostProcessorAutoConfiguration] is not eligible for getting processed by all BeanPostProcessors (for example: not eligible for auto-proxying)
2023-09-23 18:21:15.439  INFO [EMPLOYEE-SERVICE,,] 8300 --- [restartedMain] trationDelegate$BeanPostProcessorChecker : Bean 'org.springframework.cloud.client.loadbalancer.reactive.LoadBalancerBeanPostProcessorAutoConfiguration$ReactorDeferringLoadBalancerFilterConfig' of type [org.springframework.cloud.client.loadbalancer.reactive.LoadBalancerBeanPostProcessorAutoConfiguration$ReactorDeferringLoadBalancerFilterConfig] is not eligible for getting processed by all BeanPostProcessors (for example: not eligible for auto-proxying)
2023-09-23 18:21:15.447  INFO [EMPLOYEE-SERVICE,,] 8300 --- [restartedMain] trationDelegate$BeanPostProcessorChecker : Bean 'reactorDeferringLoadBalancerExchangeFilterFunction' of type [org.springframework.cloud.client.loadbalancer.reactive.DeferringLoadBalancerExchangeFilterFunction] is not eligible for getting processed by all BeanPostProcessors (for example: not eligible for auto-proxying)
2023-09-23 18:21:17.079  INFO [EMPLOYEE-SERVICE,,] 8300 --- [restartedMain] o.s.b.w.embedded.tomcat.TomcatWebServer  : Tomcat initialized with port(s): 8082 (http)
2023-09-23 18:21:17.093  INFO [EMPLOYEE-SERVICE,,] 8300 --- [restartedMain] o.apache.catalina.core.StandardService   : Starting service [Tomcat]
2023-09-23 18:21:17.094  INFO [EMPLOYEE-SERVICE,,] 8300 --- [restartedMain] org.apache.catalina.core.StandardEngine  : Starting Servlet engine: [Apache Tomcat/9.0.79]
2023-09-23 18:21:17.269  INFO [EMPLOYEE-SERVICE,,] 8300 --- [restartedMain] o.a.c.c.C.[Tomcat].[localhost].[/]       : Initializing Spring embedded WebApplicationContext
2023-09-23 18:21:17.269  INFO [EMPLOYEE-SERVICE,,] 8300 --- [restartedMain] w.s.c.ServletWebServerApplicationContext : Root WebApplicationContext: initialization completed in 6599 ms
2023-09-23 18:21:19.892  WARN [EMPLOYEE-SERVICE,,] 8300 --- [pool-1-thread-1] o.s.c.s.a.z.ZipkinAutoConfiguration      : Check result of the [RestTemplateSender{http://127.0.0.1:9411/api/v2/spans}] contains an error [CheckResult{ok=false, error=org.springframework.web.client.ResourceAccessException: I/O error on POST request for "http://127.0.0.1:9411/api/v2/spans": Connection refused: no further information; nested exception is java.net.ConnectException: Connection refused: no further information}]
2023-09-23 18:21:21.207  INFO [EMPLOYEE-SERVICE,,] 8300 --- [restartedMain] o.hibernate.jpa.internal.util.LogHelper  : HHH000204: Processing PersistenceUnitInfo [name: default]
2023-09-23 18:21:21.276  INFO [EMPLOYEE-SERVICE,,] 8300 --- [restartedMain] org.hibernate.Version                    : HHH000412: Hibernate ORM core version 5.6.15.Final
2023-09-23 18:21:21.495  INFO [EMPLOYEE-SERVICE,,] 8300 --- [restartedMain] o.hibernate.annotations.common.Version   : HCANN000001: Hibernate Commons Annotations {5.1.2.Final}
2023-09-23 18:21:21.643  INFO [EMPLOYEE-SERVICE,,] 8300 --- [restartedMain] com.zaxxer.hikari.HikariDataSource       : HikariPool-1 - Starting...
2023-09-23 18:21:22.002  INFO [EMPLOYEE-SERVICE,,] 8300 --- [restartedMain] com.zaxxer.hikari.HikariDataSource       : HikariPool-1 - Start completed.
2023-09-23 18:21:22.023  INFO [EMPLOYEE-SERVICE,,] 8300 --- [restartedMain] org.hibernate.dialect.Dialect            : HHH000400: Using dialect: org.hibernate.dialect.MySQLDialect
2023-09-23 18:21:23.182  INFO [EMPLOYEE-SERVICE,,] 8300 --- [restartedMain] o.h.e.t.j.p.i.JtaPlatformInitiator       : HHH000490: Using JtaPlatform implementation: [org.hibernate.engine.transaction.jta.platform.internal.NoJtaPlatform]
2023-09-23 18:21:23.199  INFO [EMPLOYEE-SERVICE,,] 8300 --- [restartedMain] j.LocalContainerEntityManagerFactoryBean : Initialized JPA EntityManagerFactory for persistence unit 'default'
2023-09-23 18:21:25.179  WARN [EMPLOYEE-SERVICE,,] 8300 --- [restartedMain] JpaBaseConfiguration$JpaWebConfiguration : spring.jpa.open-in-view is enabled by default. Therefore, database queries may be performed during view rendering. Explicitly configure spring.jpa.open-in-view to disable this warning
2023-09-23 18:21:27.468  INFO [EMPLOYEE-SERVICE,,] 8300 --- [restartedMain] o.s.c.s.m.DirectWithAttributesChannel    : Channel 'EMPLOYEE-SERVICE.springCloudBusInput' has 1 subscriber(s).
2023-09-23 18:21:28.296  WARN [EMPLOYEE-SERVICE,,] 8300 --- [restartedMain] o.s.b.d.a.OptionalLiveReloadServer       : Unable to start LiveReload server
2023-09-23 18:21:28.431  INFO [EMPLOYEE-SERVICE,,] 8300 --- [restartedMain] DiscoveryClientOptionalArgsConfiguration : Eureka HTTP Client uses RestTemplate.
2023-09-23 18:21:29.462  WARN [EMPLOYEE-SERVICE,,] 8300 --- [restartedMain] iguration$LoadBalancerCaffeineWarnLogger : Spring Cloud LoadBalancer is currently working with the default cache. While this cache implementation is useful for development and tests, it's recommended to use Caffeine cache in production.You can switch to using Caffeine cache, by adding it and org.springframework.cache.caffeine.CaffeineCacheManager to the classpath.
2023-09-23 18:21:29.724  INFO [EMPLOYEE-SERVICE,,] 8300 --- [restartedMain] o.s.b.a.e.web.EndpointLinksResolver      : Exposing 1 endpoint(s) beneath base path '/actuator'
2023-09-23 18:21:30.060  INFO [EMPLOYEE-SERVICE,,] 8300 --- [restartedMain] o.s.i.endpoint.EventDrivenConsumer       : Adding {logging-channel-adapter:_org.springframework.integration.errorLogger} as a subscriber to the 'errorChannel' channel
2023-09-23 18:21:30.060  INFO [EMPLOYEE-SERVICE,,] 8300 --- [restartedMain] o.s.i.channel.PublishSubscribeChannel    : Channel 'EMPLOYEE-SERVICE.errorChannel' has 1 subscriber(s).
2023-09-23 18:21:30.061  INFO [EMPLOYEE-SERVICE,,] 8300 --- [restartedMain] o.s.i.endpoint.EventDrivenConsumer       : started bean '_org.springframework.integration.errorLogger'
2023-09-23 18:21:30.086  INFO [EMPLOYEE-SERVICE,,] 8300 --- [restartedMain] o.s.c.n.eureka.InstanceInfoFactory       : Setting initial instance status as: STARTING
2023-09-23 18:21:30.215  INFO [EMPLOYEE-SERVICE,,] 8300 --- [restartedMain] com.netflix.discovery.DiscoveryClient    : Initializing Eureka in region us-east-1
2023-09-23 18:21:30.221  INFO [EMPLOYEE-SERVICE,,] 8300 --- [restartedMain] c.n.d.s.r.aws.ConfigClusterResolver      : Resolving eureka endpoints via configuration
2023-09-23 18:21:30.262  INFO [EMPLOYEE-SERVICE,,] 8300 --- [restartedMain] com.netflix.discovery.DiscoveryClient    : Disable delta property : false
2023-09-23 18:21:30.262  INFO [EMPLOYEE-SERVICE,,] 8300 --- [restartedMain] com.netflix.discovery.DiscoveryClient    : Single vip registry refresh property : null
2023-09-23 18:21:30.263  INFO [EMPLOYEE-SERVICE,,] 8300 --- [restartedMain] com.netflix.discovery.DiscoveryClient    : Force full registry fetch : false
2023-09-23 18:21:30.263  INFO [EMPLOYEE-SERVICE,,] 8300 --- [restartedMain] com.netflix.discovery.DiscoveryClient    : Application is null : false
2023-09-23 18:21:30.263  INFO [EMPLOYEE-SERVICE,,] 8300 --- [restartedMain] com.netflix.discovery.DiscoveryClient    : Registered Applications size is zero : true
2023-09-23 18:21:30.263  INFO [EMPLOYEE-SERVICE,,] 8300 --- [restartedMain] com.netflix.discovery.DiscoveryClient    : Application version is -1: true
2023-09-23 18:21:30.264  INFO [EMPLOYEE-SERVICE,,] 8300 --- [restartedMain] com.netflix.discovery.DiscoveryClient    : Getting all instance registry info from the eureka server
2023-09-23 18:21:30.543  INFO [EMPLOYEE-SERVICE,,] 8300 --- [restartedMain] com.netflix.discovery.DiscoveryClient    : The response status is 200
2023-09-23 18:21:30.549  INFO [EMPLOYEE-SERVICE,,] 8300 --- [restartedMain] com.netflix.discovery.DiscoveryClient    : Starting heartbeat executor: renew interval is: 30
2023-09-23 18:21:30.553  INFO [EMPLOYEE-SERVICE,,] 8300 --- [restartedMain] c.n.discovery.InstanceInfoReplicator     : InstanceInfoReplicator onDemand update allowed rate per min is 4
2023-09-23 18:21:30.560  INFO [EMPLOYEE-SERVICE,,] 8300 --- [restartedMain] com.netflix.discovery.DiscoveryClient    : Discovery Client initialized at timestamp 1695473490560 with initial instances count: 4
2023-09-23 18:21:30.596  INFO [EMPLOYEE-SERVICE,,] 8300 --- [restartedMain] o.s.c.n.e.s.EurekaServiceRegistry        : Registering application EMPLOYEE-SERVICE with eureka with status UP
2023-09-23 18:21:30.597  INFO [EMPLOYEE-SERVICE,,] 8300 --- [restartedMain] com.netflix.discovery.DiscoveryClient    : Saw local status change event StatusChangeEvent [timestamp=1695473490597, current=UP, previous=STARTING]
2023-09-23 18:21:30.600  INFO [EMPLOYEE-SERVICE,,] 8300 --- [DiscoveryClient-InstanceInfoReplicator-0] com.netflix.discovery.DiscoveryClient    : DiscoveryClient_EMPLOYEE-SERVICE/Johnny-PC:EMPLOYEE-SERVICE:8082: registering service...
2023-09-23 18:21:30.673  INFO [EMPLOYEE-SERVICE,,] 8300 --- [DiscoveryClient-InstanceInfoReplicator-0] com.netflix.discovery.DiscoveryClient    : DiscoveryClient_EMPLOYEE-SERVICE/Johnny-PC:EMPLOYEE-SERVICE:8082 - registration status: 204
2023-09-23 18:21:30.963  INFO [EMPLOYEE-SERVICE,,] 8300 --- [restartedMain] c.s.b.r.p.RabbitExchangeQueueProvisioner : declaring queue for inbound: springCloudBus.anonymous.qpMxx2AUT06NufTrTW9Jeg, bound to: springCloudBus
2023-09-23 18:21:30.968  INFO [EMPLOYEE-SERVICE,,] 8300 --- [restartedMain] o.s.a.r.c.CachingConnectionFactory       : Attempting to connect to: [localhost:5672]
2023-09-23 18:21:32.986  INFO [EMPLOYEE-SERVICE,,] 8300 --- [restartedMain] o.s.a.r.c.CachingConnectionFactory       : Attempting to connect to: [localhost:5672]
2023-09-23 18:21:35.005  INFO [EMPLOYEE-SERVICE,,] 8300 --- [restartedMain] o.s.a.r.c.CachingConnectionFactory       : Attempting to connect to: [localhost:5672]
2023-09-23 18:21:37.046  INFO [EMPLOYEE-SERVICE,,] 8300 --- [restartedMain] o.s.c.stream.binder.BinderErrorChannel   : Channel 'springCloudBus.anonymous.qpMxx2AUT06NufTrTW9Jeg.errors' has 1 subscriber(s).
2023-09-23 18:21:37.048  INFO [EMPLOYEE-SERVICE,,] 8300 --- [restartedMain] o.s.c.stream.binder.BinderErrorChannel   : Channel 'springCloudBus.anonymous.qpMxx2AUT06NufTrTW9Jeg.errors' has 2 subscriber(s).
2023-09-23 18:21:37.053  INFO [EMPLOYEE-SERVICE,,] 8300 --- [restartedMain] o.s.a.r.c.CachingConnectionFactory       : Attempting to connect to: [localhost:5672]
2023-09-23 18:21:39.052  INFO [EMPLOYEE-SERVICE,,] 8300 --- [restartedMain] o.s.a.r.l.SimpleMessageListenerContainer : Broker not available; cannot force queue declarations during start: java.net.ConnectException: Connection refused: no further information
2023-09-23 18:21:39.076  INFO [EMPLOYEE-SERVICE,,] 8300 --- [springCloudBus.anonymous.qpMxx2AUT06NufTrTW9Jeg-1] o.s.a.r.c.CachingConnectionFactory       : Attempting to connect to: [localhost:5672]
2023-09-23 18:21:41.098  INFO [EMPLOYEE-SERVICE,,] 8300 --- [restartedMain] o.s.i.a.i.AmqpInboundChannelAdapter      : started bean 'inbound.springCloudBus.anonymous.qpMxx2AUT06NufTrTW9Jeg'
2023-09-23 18:21:41.161  INFO [EMPLOYEE-SERVICE,,] 8300 --- [restartedMain] o.s.b.w.embedded.tomcat.TomcatWebServer  : Tomcat started on port(s): 8082 (http) with context path ''
2023-09-23 18:21:41.162  INFO [EMPLOYEE-SERVICE,,] 8300 --- [restartedMain] .s.c.n.e.s.EurekaAutoServiceRegistration : Updating port to 8082
2023-09-23 18:21:41.532  INFO [EMPLOYEE-SERVICE,,] 8300 --- [restartedMain] c.m.employee.EmployeeServiceApplication  : Started EmployeeServiceApplication in 34.081 seconds (JVM running for 35.687)
2023-09-23 18:21:46.152  WARN [EMPLOYEE-SERVICE,,] 8300 --- [springCloudBus.anonymous.qpMxx2AUT06NufTrTW9Jeg-1] o.s.a.r.l.SimpleMessageListenerContainer : Consumer raised exception, processing can restart if the connection factory supports it. Exception summary: org.springframework.amqp.AmqpConnectException: java.net.ConnectException: Connection refused: no further information
2023-09-23 18:21:46.155  INFO [EMPLOYEE-SERVICE,,] 8300 --- [springCloudBus.anonymous.qpMxx2AUT06NufTrTW9Jeg-1] o.s.a.r.l.SimpleMessageListenerContainer : Restarting Consumer@1287d6d6: tags=[[]], channel=null, acknowledgeMode=AUTO local queue size=0
2023-09-23 18:21:46.157  INFO [EMPLOYEE-SERVICE,,] 8300 --- [springCloudBus.anonymous.qpMxx2AUT06NufTrTW9Jeg-2] o.s.a.r.c.CachingConnectionFactory       : Attempting to connect to: [localhost:5672]
2023-09-23 18:21:51.981  INFO [EMPLOYEE-SERVICE,066e0a31cdf39942,066e0a31cdf39942] 8300 --- [http-nio-8082-exec-1] o.a.c.c.C.[Tomcat].[localhost].[/]       : Initializing Spring DispatcherServlet 'dispatcherServlet'
2023-09-23 18:21:51.982  INFO [EMPLOYEE-SERVICE,066e0a31cdf39942,066e0a31cdf39942] 8300 --- [http-nio-8082-exec-1] o.s.web.servlet.DispatcherServlet        : Initializing Servlet 'dispatcherServlet'
2023-09-23 18:21:51.986  INFO [EMPLOYEE-SERVICE,066e0a31cdf39942,066e0a31cdf39942] 8300 --- [http-nio-8082-exec-1] o.s.web.servlet.DispatcherServlet        : Completed initialization in 4 ms
2023-09-23 18:21:52.074  INFO [EMPLOYEE-SERVICE,066e0a31cdf39942,066e0a31cdf39942] 8300 --- [http-nio-8082-exec-1] c.m.e.service.impl.EmployeeServiceImpl   : started getEmployeeById info log level 
2023-09-23 18:21:53.207  WARN [EMPLOYEE-SERVICE,,] 8300 --- [springCloudBus.anonymous.qpMxx2AUT06NufTrTW9Jeg-2] o.s.a.r.l.SimpleMessageListenerContainer : Consumer raised exception, processing can restart if the connection factory supports it. Exception summary: org.springframework.amqp.AmqpConnectException: java.net.ConnectException: Connection refused: no further information
2023-09-23 18:21:53.208  INFO [EMPLOYEE-SERVICE,,] 8300 --- [springCloudBus.anonymous.qpMxx2AUT06NufTrTW9Jeg-2] o.s.a.r.l.SimpleMessageListenerContainer : Restarting Consumer@4da5c5ff: tags=[[]], channel=null, acknowledgeMode=AUTO local queue size=0
2023-09-23 18:21:53.209  INFO [EMPLOYEE-SERVICE,,] 8300 --- [springCloudBus.anonymous.qpMxx2AUT06NufTrTW9Jeg-3] o.s.a.r.c.CachingConnectionFactory       : Attempting to connect to: [localhost:5672]
2023-09-23 18:21:53.566  INFO [EMPLOYEE-SERVICE,066e0a31cdf39942,066e0a31cdf39942] 8300 --- [http-nio-8082-exec-1] c.m.e.service.impl.EmployeeServiceImpl   : ended getEmployeeById info log level 
2023-09-23 18:21:55.470  WARN [EMPLOYEE-SERVICE,,] 8300 --- [AsyncReporter{RestTemplateSender{http://127.0.0.1:9411/api/v2/spans}}] z.r.AsyncReporter$BoundedAsyncReporter   : Spans were dropped due to exceptions. All subsequent errors will be logged at FINE level.
2023-09-23 18:21:55.478  WARN [EMPLOYEE-SERVICE,,] 8300 --- [AsyncReporter{RestTemplateSender{http://127.0.0.1:9411/api/v2/spans}}] z.r.AsyncReporter$BoundedAsyncReporter   : Dropped 2 spans due to ResourceAccessException(I/O error on POST request for "http://127.0.0.1:9411/api/v2/spans": Connection refused: no further information; nested exception is java.net.ConnectException: Connection refused: no further information)

org.springframework.web.client.ResourceAccessException: I/O error on POST request for "http://127.0.0.1:9411/api/v2/spans": Connection refused: no further information; nested exception is java.net.ConnectException: Connection refused: no further information
	at org.springframework.web.client.RestTemplate.doExecute(RestTemplate.java:791) ~[spring-web-5.3.29.jar:5.3.29]
	at org.springframework.cloud.sleuth.zipkin2.ZipkinRestTemplateWrapper.doExecute(ZipkinRestTemplateWrapper.java:67) ~[spring-cloud-sleuth-zipkin-3.1.9.jar:3.1.9]
	at org.springframework.web.client.RestTemplate.exchange(RestTemplate.java:666) ~[spring-web-5.3.29.jar:5.3.29]
	at org.springframework.cloud.sleuth.zipkin2.RestTemplateSender.post(RestTemplateSender.java:51) ~[spring-cloud-sleuth-zipkin-3.1.9.jar:3.1.9]
	at org.springframework.cloud.sleuth.zipkin2.RestTemplateSender.lambda$new$0(RestTemplateSender.java:44) ~[spring-cloud-sleuth-zipkin-3.1.9.jar:3.1.9]
	at org.springframework.cloud.sleuth.zipkin2.HttpSender.post(HttpSender.java:137) ~[spring-cloud-sleuth-zipkin-3.1.9.jar:3.1.9]
	at org.springframework.cloud.sleuth.zipkin2.HttpSender$HttpPostCall.doExecute(HttpSender.java:150) ~[spring-cloud-sleuth-zipkin-3.1.9.jar:3.1.9]
	at org.springframework.cloud.sleuth.zipkin2.HttpSender$HttpPostCall.doExecute(HttpSender.java:140) ~[spring-cloud-sleuth-zipkin-3.1.9.jar:3.1.9]
	at zipkin2.Call$Base.execute(Call.java:391) ~[zipkin-2.23.2.jar:na]
	at zipkin2.reporter.AsyncReporter$BoundedAsyncReporter.flush(AsyncReporter.java:299) ~[zipkin-reporter-2.16.3.jar:na]
	at zipkin2.reporter.AsyncReporter$Flusher.run(AsyncReporter.java:378) ~[zipkin-reporter-2.16.3.jar:na]
	at java.base/java.lang.Thread.run(Thread.java:833) ~[na:na]
Caused by: java.net.ConnectException: Connection refused: no further information
	at java.base/sun.nio.ch.Net.pollConnect(Native Method) ~[na:na]
	at java.base/sun.nio.ch.Net.pollConnectNow(Net.java:672) ~[na:na]
	at java.base/sun.nio.ch.NioSocketImpl.timedFinishConnect(NioSocketImpl.java:549) ~[na:na]
	at java.base/sun.nio.ch.NioSocketImpl.connect(NioSocketImpl.java:597) ~[na:na]
	at java.base/java.net.Socket.connect(Socket.java:633) ~[na:na]
	at java.base/sun.net.NetworkClient.doConnect(NetworkClient.java:178) ~[na:na]
	at java.base/sun.net.www.http.HttpClient.openServer(HttpClient.java:534) ~[na:na]
	at java.base/sun.net.www.http.HttpClient.openServer(HttpClient.java:639) ~[na:na]
	at java.base/sun.net.www.http.HttpClient.<init>(HttpClient.java:282) ~[na:na]
	at java.base/sun.net.www.http.HttpClient.New(HttpClient.java:387) ~[na:na]
	at java.base/sun.net.www.http.HttpClient.New(HttpClient.java:409) ~[na:na]
	at java.base/sun.net.www.protocol.http.HttpURLConnection.getNewHttpClient(HttpURLConnection.java:1309) ~[na:na]
	at java.base/sun.net.www.protocol.http.HttpURLConnection.plainConnect0(HttpURLConnection.java:1242) ~[na:na]
	at java.base/sun.net.www.protocol.http.HttpURLConnection.plainConnect(HttpURLConnection.java:1128) ~[na:na]
	at java.base/sun.net.www.protocol.http.HttpURLConnection.connect(HttpURLConnection.java:1057) ~[na:na]
	at org.springframework.http.client.SimpleBufferingClientHttpRequest.executeInternal(SimpleBufferingClientHttpRequest.java:76) ~[spring-web-5.3.29.jar:5.3.29]
	at org.springframework.http.client.AbstractBufferingClientHttpRequest.executeInternal(AbstractBufferingClientHttpRequest.java:48) ~[spring-web-5.3.29.jar:5.3.29]
	at org.springframework.http.client.AbstractClientHttpRequest.execute(AbstractClientHttpRequest.java:66) ~[spring-web-5.3.29.jar:5.3.29]
	at org.springframework.web.client.RestTemplate.doExecute(RestTemplate.java:782) ~[spring-web-5.3.29.jar:5.3.29]
	... 11 common frames omitted

2023-09-23 18:22:00.335  WARN [EMPLOYEE-SERVICE,,] 8300 --- [springCloudBus.anonymous.qpMxx2AUT06NufTrTW9Jeg-3] o.s.a.r.l.SimpleMessageListenerContainer : Consumer raised exception, processing can restart if the connection factory supports it. Exception summary: org.springframework.amqp.AmqpConnectException: java.net.ConnectException: Connection refused: no further information
2023-09-23 18:22:00.336  INFO [EMPLOYEE-SERVICE,,] 8300 --- [springCloudBus.anonymous.qpMxx2AUT06NufTrTW9Jeg-3] o.s.a.r.l.SimpleMessageListenerContainer : Restarting Consumer@2a0ebd08: tags=[[]], channel=null, acknowledgeMode=AUTO local queue size=0
2023-09-23 18:22:00.338  INFO [EMPLOYEE-SERVICE,,] 8300 --- [springCloudBus.anonymous.qpMxx2AUT06NufTrTW9Jeg-4] o.s.a.r.c.CachingConnectionFactory       : Attempting to connect to: [localhost:5672]
2023-09-23 18:22:07.373  WARN [EMPLOYEE-SERVICE,,] 8300 --- [springCloudBus.anonymous.qpMxx2AUT06NufTrTW9Jeg-4] o.s.a.r.l.SimpleMessageListenerContainer : Consumer raised exception, processing can restart if the connection factory supports it. Exception summary: org.springframework.amqp.AmqpConnectException: java.net.ConnectException: Connection refused: no further information
2023-09-23 18:22:07.375  INFO [EMPLOYEE-SERVICE,,] 8300 --- [springCloudBus.anonymous.qpMxx2AUT06NufTrTW9Jeg-4] o.s.a.r.l.SimpleMessageListenerContainer : Restarting Consumer@529a7a7e: tags=[[]], channel=null, acknowledgeMode=AUTO local queue size=0
2023-09-23 18:22:07.381  INFO [EMPLOYEE-SERVICE,,] 8300 --- [springCloudBus.anonymous.qpMxx2AUT06NufTrTW9Jeg-5] o.s.a.r.c.CachingConnectionFactory       : Attempting to connect to: [localhost:5672]
2023-09-23 18:22:14.408  WARN [EMPLOYEE-SERVICE,,] 8300 --- [springCloudBus.anonymous.qpMxx2AUT06NufTrTW9Jeg-5] o.s.a.r.l.SimpleMessageListenerContainer : Consumer raised exception, processing can restart if the connection factory supports it. Exception summary: org.springframework.amqp.AmqpConnectException: java.net.ConnectException: Connection refused: no further information
2023-09-23 18:22:14.409  INFO [EMPLOYEE-SERVICE,,] 8300 --- [springCloudBus.anonymous.qpMxx2AUT06NufTrTW9Jeg-5] o.s.a.r.l.SimpleMessageListenerContainer : Restarting Consumer@6108f208: tags=[[]], channel=null, acknowledgeMode=AUTO local queue size=0
2023-09-23 18:22:14.411  INFO [EMPLOYEE-SERVICE,,] 8300 --- [springCloudBus.anonymous.qpMxx2AUT06NufTrTW9Jeg-6] o.s.a.r.c.CachingConnectionFactory       : Attempting to connect to: [localhost:5672]
2023-09-23 18:22:21.473  WARN [EMPLOYEE-SERVICE,,] 8300 --- [springCloudBus.anonymous.qpMxx2AUT06NufTrTW9Jeg-6] o.s.a.r.l.SimpleMessageListenerContainer : Consumer raised exception, processing can restart if the connection factory supports it. Exception summary: org.springframework.amqp.AmqpConnectException: java.net.ConnectException: Connection refused: no further information
2023-09-23 18:22:21.473  INFO [EMPLOYEE-SERVICE,,] 8300 --- [springCloudBus.anonymous.qpMxx2AUT06NufTrTW9Jeg-6] o.s.a.r.l.SimpleMessageListenerContainer : Restarting Consumer@48862dae: tags=[[]], channel=null, acknowledgeMode=AUTO local queue size=0
2023-09-23 18:22:21.474  INFO [EMPLOYEE-SERVICE,,] 8300 --- [springCloudBus.anonymous.qpMxx2AUT06NufTrTW9Jeg-7] o.s.a.r.c.CachingConnectionFactory       : Attempting to connect to: [localhost:5672]
2023-09-23 18:22:28.511  WARN [EMPLOYEE-SERVICE,,] 8300 --- [springCloudBus.anonymous.qpMxx2AUT06NufTrTW9Jeg-7] o.s.a.r.l.SimpleMessageListenerContainer : Consumer raised exception, processing can restart if the connection factory supports it. Exception summary: org.springframework.amqp.AmqpConnectException: java.net.ConnectException: Connection refused: no further information
2023-09-23 18:22:28.520  INFO [EMPLOYEE-SERVICE,,] 8300 --- [springCloudBus.anonymous.qpMxx2AUT06NufTrTW9Jeg-7] o.s.a.r.l.SimpleMessageListenerContainer : Restarting Consumer@1d984c38: tags=[[]], channel=null, acknowledgeMode=AUTO local queue size=0
2023-09-23 18:22:28.523  INFO [EMPLOYEE-SERVICE,,] 8300 --- [springCloudBus.anonymous.qpMxx2AUT06NufTrTW9Jeg-8] o.s.a.r.c.CachingConnectionFactory       : Attempting to connect to: [localhost:5672]
2023-09-23 18:22:35.556  WARN [EMPLOYEE-SERVICE,,] 8300 --- [springCloudBus.anonymous.qpMxx2AUT06NufTrTW9Jeg-8] o.s.a.r.l.SimpleMessageListenerContainer : Consumer raised exception, processing can restart if the connection factory supports it. Exception summary: org.springframework.amqp.AmqpConnectException: java.net.ConnectException: Connection refused: no further information
2023-09-23 18:22:35.557  INFO [EMPLOYEE-SERVICE,,] 8300 --- [springCloudBus.anonymous.qpMxx2AUT06NufTrTW9Jeg-8] o.s.a.r.l.SimpleMessageListenerContainer : Restarting Consumer@58768f40: tags=[[]], channel=null, acknowledgeMode=AUTO local queue size=0
2023-09-23 18:22:35.560  INFO [EMPLOYEE-SERVICE,,] 8300 --- [springCloudBus.anonymous.qpMxx2AUT06NufTrTW9Jeg-9] o.s.a.r.c.CachingConnectionFactory       : Attempting to connect to: [localhost:5672]
2023-09-23 18:22:42.599  WARN [EMPLOYEE-SERVICE,,] 8300 --- [springCloudBus.anonymous.qpMxx2AUT06NufTrTW9Jeg-9] o.s.a.r.l.SimpleMessageListenerContainer : Consumer raised exception, processing can restart if the connection factory supports it. Exception summary: org.springframework.amqp.AmqpConnectException: java.net.ConnectException: Connection refused: no further information
2023-09-23 18:22:42.600  INFO [EMPLOYEE-SERVICE,,] 8300 --- [springCloudBus.anonymous.qpMxx2AUT06NufTrTW9Jeg-9] o.s.a.r.l.SimpleMessageListenerContainer : Restarting Consumer@4c65fbf: tags=[[]], channel=null, acknowledgeMode=AUTO local queue size=0
2023-09-23 18:22:42.602  INFO [EMPLOYEE-SERVICE,,] 8300 --- [springCloudBus.anonymous.qpMxx2AUT06NufTrTW9Jeg-10] o.s.a.r.c.CachingConnectionFactory       : Attempting to connect to: [localhost:5672]
2023-09-23 18:22:49.641  WARN [EMPLOYEE-SERVICE,,] 8300 --- [springCloudBus.anonymous.qpMxx2AUT06NufTrTW9Jeg-10] o.s.a.r.l.SimpleMessageListenerContainer : Consumer raised exception, processing can restart if the connection factory supports it. Exception summary: org.springframework.amqp.AmqpConnectException: java.net.ConnectException: Connection refused: no further information
2023-09-23 18:22:49.642  INFO [EMPLOYEE-SERVICE,,] 8300 --- [springCloudBus.anonymous.qpMxx2AUT06NufTrTW9Jeg-10] o.s.a.r.l.SimpleMessageListenerContainer : Restarting Consumer@15beff58: tags=[[]], channel=null, acknowledgeMode=AUTO local queue size=0
2023-09-23 18:22:49.643  INFO [EMPLOYEE-SERVICE,,] 8300 --- [springCloudBus.anonymous.qpMxx2AUT06NufTrTW9Jeg-11] o.s.a.r.c.CachingConnectionFactory       : Attempting to connect to: [localhost:5672]
2023-09-23 18:22:56.675  WARN [EMPLOYEE-SERVICE,,] 8300 --- [springCloudBus.anonymous.qpMxx2AUT06NufTrTW9Jeg-11] o.s.a.r.l.SimpleMessageListenerContainer : Consumer raised exception, processing can restart if the connection factory supports it. Exception summary: org.springframework.amqp.AmqpConnectException: java.net.ConnectException: Connection refused: no further information
2023-09-23 18:22:56.675  INFO [EMPLOYEE-SERVICE,,] 8300 --- [springCloudBus.anonymous.qpMxx2AUT06NufTrTW9Jeg-11] o.s.a.r.l.SimpleMessageListenerContainer : Restarting Consumer@2451d66a: tags=[[]], channel=null, acknowledgeMode=AUTO local queue size=0
2023-09-23 18:22:56.676  INFO [EMPLOYEE-SERVICE,,] 8300 --- [springCloudBus.anonymous.qpMxx2AUT06NufTrTW9Jeg-12] o.s.a.r.c.CachingConnectionFactory       : Attempting to connect to: [localhost:5672]
2023-09-23 18:23:03.753  WARN [EMPLOYEE-SERVICE,,] 8300 --- [springCloudBus.anonymous.qpMxx2AUT06NufTrTW9Jeg-12] o.s.a.r.l.SimpleMessageListenerContainer : Consumer raised exception, processing can restart if the connection factory supports it. Exception summary: org.springframework.amqp.AmqpConnectException: java.net.ConnectException: Connection refused: no further information
2023-09-23 18:23:03.754  INFO [EMPLOYEE-SERVICE,,] 8300 --- [springCloudBus.anonymous.qpMxx2AUT06NufTrTW9Jeg-12] o.s.a.r.l.SimpleMessageListenerContainer : Restarting Consumer@14973539: tags=[[]], channel=null, acknowledgeMode=AUTO local queue size=0
2023-09-23 18:23:03.757  INFO [EMPLOYEE-SERVICE,,] 8300 --- [springCloudBus.anonymous.qpMxx2AUT06NufTrTW9Jeg-13] o.s.a.r.c.CachingConnectionFactory       : Attempting to connect to: [localhost:5672]
2023-09-23 18:23:10.806  WARN [EMPLOYEE-SERVICE,,] 8300 --- [springCloudBus.anonymous.qpMxx2AUT06NufTrTW9Jeg-13] o.s.a.r.l.SimpleMessageListenerContainer : Consumer raised exception, processing can restart if the connection factory supports it. Exception summary: org.springframework.amqp.AmqpConnectException: java.net.ConnectException: Connection refused: no further information
2023-09-23 18:23:10.807  INFO [EMPLOYEE-SERVICE,,] 8300 --- [springCloudBus.anonymous.qpMxx2AUT06NufTrTW9Jeg-13] o.s.a.r.l.SimpleMessageListenerContainer : Restarting Consumer@305a30cf: tags=[[]], channel=null, acknowledgeMode=AUTO local queue size=0
2023-09-23 18:23:10.809  INFO [EMPLOYEE-SERVICE,,] 8300 --- [springCloudBus.anonymous.qpMxx2AUT06NufTrTW9Jeg-14] o.s.a.r.c.CachingConnectionFactory       : Attempting to connect to: [localhost:5672]
2023-09-23 18:23:17.831  WARN [EMPLOYEE-SERVICE,,] 8300 --- [springCloudBus.anonymous.qpMxx2AUT06NufTrTW9Jeg-14] o.s.a.r.l.SimpleMessageListenerContainer : Consumer raised exception, processing can restart if the connection factory supports it. Exception summary: org.springframework.amqp.AmqpConnectException: java.net.ConnectException: Connection refused: no further information
2023-09-23 18:23:17.832  INFO [EMPLOYEE-SERVICE,,] 8300 --- [springCloudBus.anonymous.qpMxx2AUT06NufTrTW9Jeg-14] o.s.a.r.l.SimpleMessageListenerContainer : Restarting Consumer@33645a7f: tags=[[]], channel=null, acknowledgeMode=AUTO local queue size=0
2023-09-23 18:23:17.835  INFO [EMPLOYEE-SERVICE,,] 8300 --- [springCloudBus.anonymous.qpMxx2AUT06NufTrTW9Jeg-15] o.s.a.r.c.CachingConnectionFactory       : Attempting to connect to: [localhost:5672]
2023-09-23 18:23:19.496  INFO [EMPLOYEE-SERVICE,addb6d8b3eeaa901,addb6d8b3eeaa901] 8300 --- [http-nio-8082-exec-4] c.m.e.service.impl.EmployeeServiceImpl   : started getEmployeeById info log level 
2023-09-23 18:23:24.893  WARN [EMPLOYEE-SERVICE,,] 8300 --- [springCloudBus.anonymous.qpMxx2AUT06NufTrTW9Jeg-15] o.s.a.r.l.SimpleMessageListenerContainer : Consumer raised exception, processing can restart if the connection factory supports it. Exception summary: org.springframework.amqp.AmqpConnectException: java.net.ConnectException: Connection refused: no further information
2023-09-23 18:23:24.894  INFO [EMPLOYEE-SERVICE,,] 8300 --- [springCloudBus.anonymous.qpMxx2AUT06NufTrTW9Jeg-15] o.s.a.r.l.SimpleMessageListenerContainer : Restarting Consumer@b042831: tags=[[]], channel=null, acknowledgeMode=AUTO local queue size=0
2023-09-23 18:23:24.895  INFO [EMPLOYEE-SERVICE,,] 8300 --- [springCloudBus.anonymous.qpMxx2AUT06NufTrTW9Jeg-16] o.s.a.r.c.CachingConnectionFactory       : Attempting to connect to: [localhost:5672]
2023-09-23 18:23:25.607  INFO [EMPLOYEE-SERVICE,addb6d8b3eeaa901,addb6d8b3eeaa901] 8300 --- [http-nio-8082-exec-4] c.m.e.service.impl.EmployeeServiceImpl   : started getEmployeeById info log level 
2023-09-23 18:23:31.648  INFO [EMPLOYEE-SERVICE,addb6d8b3eeaa901,addb6d8b3eeaa901] 8300 --- [http-nio-8082-exec-4] c.m.e.service.impl.EmployeeServiceImpl   : started getEmployeeById info log level 
2023-09-23 18:23:31.928  WARN [EMPLOYEE-SERVICE,,] 8300 --- [springCloudBus.anonymous.qpMxx2AUT06NufTrTW9Jeg-16] o.s.a.r.l.SimpleMessageListenerContainer : Consumer raised exception, processing can restart if the connection factory supports it. Exception summary: org.springframework.amqp.AmqpConnectException: java.net.ConnectException: Connection refused: no further information
2023-09-23 18:23:31.929  INFO [EMPLOYEE-SERVICE,,] 8300 --- [springCloudBus.anonymous.qpMxx2AUT06NufTrTW9Jeg-16] o.s.a.r.l.SimpleMessageListenerContainer : Restarting Consumer@604a792c: tags=[[]], channel=null, acknowledgeMode=AUTO local queue size=0
2023-09-23 18:23:31.930  INFO [EMPLOYEE-SERVICE,,] 8300 --- [springCloudBus.anonymous.qpMxx2AUT06NufTrTW9Jeg-17] o.s.a.r.c.CachingConnectionFactory       : Attempting to connect to: [localhost:5672]
2023-09-23 18:23:37.677  INFO [EMPLOYEE-SERVICE,addb6d8b3eeaa901,addb6d8b3eeaa901] 8300 --- [http-nio-8082-exec-4] c.m.e.service.impl.EmployeeServiceImpl   : started getEmployeeById info log level 
2023-09-23 18:23:38.976  WARN [EMPLOYEE-SERVICE,,] 8300 --- [springCloudBus.anonymous.qpMxx2AUT06NufTrTW9Jeg-17] o.s.a.r.l.SimpleMessageListenerContainer : Consumer raised exception, processing can restart if the connection factory supports it. Exception summary: org.springframework.amqp.AmqpConnectException: java.net.ConnectException: Connection refused: no further information
2023-09-23 18:23:38.977  INFO [EMPLOYEE-SERVICE,,] 8300 --- [springCloudBus.anonymous.qpMxx2AUT06NufTrTW9Jeg-17] o.s.a.r.l.SimpleMessageListenerContainer : Restarting Consumer@4a628810: tags=[[]], channel=null, acknowledgeMode=AUTO local queue size=0
2023-09-23 18:23:38.980  INFO [EMPLOYEE-SERVICE,,] 8300 --- [springCloudBus.anonymous.qpMxx2AUT06NufTrTW9Jeg-18] o.s.a.r.c.CachingConnectionFactory       : Attempting to connect to: [localhost:5672]
2023-09-23 18:23:43.704  INFO [EMPLOYEE-SERVICE,addb6d8b3eeaa901,addb6d8b3eeaa901] 8300 --- [http-nio-8082-exec-4] c.m.e.service.impl.EmployeeServiceImpl   : started getEmployeeById info log level 
2023-09-23 18:23:44.726  INFO [EMPLOYEE-SERVICE,addb6d8b3eeaa901,addb6d8b3eeaa901] 8300 --- [http-nio-8082-exec-4] c.m.e.service.impl.EmployeeServiceImpl   : started getDefaultDepartment info log level 
2023-09-23 18:23:44.736  INFO [EMPLOYEE-SERVICE,addb6d8b3eeaa901,addb6d8b3eeaa901] 8300 --- [http-nio-8082-exec-4] c.m.e.service.impl.EmployeeServiceImpl   : ended getDefaultDepartment info log level 
2023-09-23 18:23:46.020  WARN [EMPLOYEE-SERVICE,,] 8300 --- [springCloudBus.anonymous.qpMxx2AUT06NufTrTW9Jeg-18] o.s.a.r.l.SimpleMessageListenerContainer : Consumer raised exception, processing can restart if the connection factory supports it. Exception summary: org.springframework.amqp.AmqpConnectException: java.net.ConnectException: Connection refused: no further information
2023-09-23 18:23:46.021  INFO [EMPLOYEE-SERVICE,,] 8300 --- [springCloudBus.anonymous.qpMxx2AUT06NufTrTW9Jeg-18] o.s.a.r.l.SimpleMessageListenerContainer : Restarting Consumer@2a5eb275: tags=[[]], channel=null, acknowledgeMode=AUTO local queue size=0
2023-09-23 18:23:46.022  INFO [EMPLOYEE-SERVICE,,] 8300 --- [springCloudBus.anonymous.qpMxx2AUT06NufTrTW9Jeg-19] o.s.a.r.c.CachingConnectionFactory       : Attempting to connect to: [localhost:5672]
2023-09-23 18:23:53.058  WARN [EMPLOYEE-SERVICE,,] 8300 --- [springCloudBus.anonymous.qpMxx2AUT06NufTrTW9Jeg-19] o.s.a.r.l.SimpleMessageListenerContainer : Consumer raised exception, processing can restart if the connection factory supports it. Exception summary: org.springframework.amqp.AmqpConnectException: java.net.ConnectException: Connection refused: no further information
2023-09-23 18:23:53.059  INFO [EMPLOYEE-SERVICE,,] 8300 --- [springCloudBus.anonymous.qpMxx2AUT06NufTrTW9Jeg-19] o.s.a.r.l.SimpleMessageListenerContainer : Restarting Consumer@5b6f0c14: tags=[[]], channel=null, acknowledgeMode=AUTO local queue size=0
2023-09-23 18:23:53.064  INFO [EMPLOYEE-SERVICE,,] 8300 --- [springCloudBus.anonymous.qpMxx2AUT06NufTrTW9Jeg-20] o.s.a.r.c.CachingConnectionFactory       : Attempting to connect to: [localhost:5672]
2023-09-23 18:24:00.100  WARN [EMPLOYEE-SERVICE,,] 8300 --- [springCloudBus.anonymous.qpMxx2AUT06NufTrTW9Jeg-20] o.s.a.r.l.SimpleMessageListenerContainer : Consumer raised exception, processing can restart if the connection factory supports it. Exception summary: org.springframework.amqp.AmqpConnectException: java.net.ConnectException: Connection refused: no further information
2023-09-23 18:24:00.100  INFO [EMPLOYEE-SERVICE,,] 8300 --- [springCloudBus.anonymous.qpMxx2AUT06NufTrTW9Jeg-20] o.s.a.r.l.SimpleMessageListenerContainer : Restarting Consumer@47d099be: tags=[[]], channel=null, acknowledgeMode=AUTO local queue size=0
2023-09-23 18:24:00.102  INFO [EMPLOYEE-SERVICE,,] 8300 --- [springCloudBus.anonymous.qpMxx2AUT06NufTrTW9Jeg-21] o.s.a.r.c.CachingConnectionFactory       : Attempting to connect to: [localhost:5672]
2023-09-23 18:24:07.135  WARN [EMPLOYEE-SERVICE,,] 8300 --- [springCloudBus.anonymous.qpMxx2AUT06NufTrTW9Jeg-21] o.s.a.r.l.SimpleMessageListenerContainer : Consumer raised exception, processing can restart if the connection factory supports it. Exception summary: org.springframework.amqp.AmqpConnectException: java.net.ConnectException: Connection refused: no further information
2023-09-23 18:24:07.136  INFO [EMPLOYEE-SERVICE,,] 8300 --- [springCloudBus.anonymous.qpMxx2AUT06NufTrTW9Jeg-21] o.s.a.r.l.SimpleMessageListenerContainer : Restarting Consumer@3ebf7aea: tags=[[]], channel=null, acknowledgeMode=AUTO local queue size=0
2023-09-23 18:24:07.138  INFO [EMPLOYEE-SERVICE,,] 8300 --- [springCloudBus.anonymous.qpMxx2AUT06NufTrTW9Jeg-22] o.s.a.r.c.CachingConnectionFactory       : Attempting to connect to: [localhost:5672]
2023-09-23 18:24:14.177  WARN [EMPLOYEE-SERVICE,,] 8300 --- [springCloudBus.anonymous.qpMxx2AUT06NufTrTW9Jeg-22] o.s.a.r.l.SimpleMessageListenerContainer : Consumer raised exception, processing can restart if the connection factory supports it. Exception summary: org.springframework.amqp.AmqpConnectException: java.net.ConnectException: Connection refused: no further information
2023-09-23 18:24:14.179  INFO [EMPLOYEE-SERVICE,,] 8300 --- [springCloudBus.anonymous.qpMxx2AUT06NufTrTW9Jeg-22] o.s.a.r.l.SimpleMessageListenerContainer : Restarting Consumer@3c4cdeba: tags=[[]], channel=null, acknowledgeMode=AUTO local queue size=0
2023-09-23 18:24:14.182  INFO [EMPLOYEE-SERVICE,,] 8300 --- [springCloudBus.anonymous.qpMxx2AUT06NufTrTW9Jeg-23] o.s.a.r.c.CachingConnectionFactory       : Attempting to connect to: [localhost:5672]
2023-09-23 18:24:21.298  WARN [EMPLOYEE-SERVICE,,] 8300 --- [springCloudBus.anonymous.qpMxx2AUT06NufTrTW9Jeg-23] o.s.a.r.l.SimpleMessageListenerContainer : Consumer raised exception, processing can restart if the connection factory supports it. Exception summary: org.springframework.amqp.AmqpConnectException: java.net.ConnectException: Connection refused: no further information
2023-09-23 18:24:21.298  INFO [EMPLOYEE-SERVICE,,] 8300 --- [springCloudBus.anonymous.qpMxx2AUT06NufTrTW9Jeg-23] o.s.a.r.l.SimpleMessageListenerContainer : Restarting Consumer@499e47a9: tags=[[]], channel=null, acknowledgeMode=AUTO local queue size=0
2023-09-23 18:24:21.309  INFO [EMPLOYEE-SERVICE,,] 8300 --- [springCloudBus.anonymous.qpMxx2AUT06NufTrTW9Jeg-24] o.s.a.r.c.CachingConnectionFactory       : Attempting to connect to: [localhost:5672]
2023-09-23 18:24:28.411  WARN [EMPLOYEE-SERVICE,,] 8300 --- [springCloudBus.anonymous.qpMxx2AUT06NufTrTW9Jeg-24] o.s.a.r.l.SimpleMessageListenerContainer : Consumer raised exception, processing can restart if the connection factory supports it. Exception summary: org.springframework.amqp.AmqpConnectException: java.net.ConnectException: Connection refused: no further information
2023-09-23 18:24:28.411  INFO [EMPLOYEE-SERVICE,,] 8300 --- [springCloudBus.anonymous.qpMxx2AUT06NufTrTW9Jeg-24] o.s.a.r.l.SimpleMessageListenerContainer : Restarting Consumer@55afe044: tags=[[]], channel=null, acknowledgeMode=AUTO local queue size=0
2023-09-23 18:24:28.421  INFO [EMPLOYEE-SERVICE,,] 8300 --- [springCloudBus.anonymous.qpMxx2AUT06NufTrTW9Jeg-25] o.s.a.r.c.CachingConnectionFactory       : Attempting to connect to: [localhost:5672]
2023-09-23 18:24:35.459  WARN [EMPLOYEE-SERVICE,,] 8300 --- [springCloudBus.anonymous.qpMxx2AUT06NufTrTW9Jeg-25] o.s.a.r.l.SimpleMessageListenerContainer : Consumer raised exception, processing can restart if the connection factory supports it. Exception summary: org.springframework.amqp.AmqpConnectException: java.net.ConnectException: Connection refused: no further information
2023-09-23 18:24:35.460  INFO [EMPLOYEE-SERVICE,,] 8300 --- [springCloudBus.anonymous.qpMxx2AUT06NufTrTW9Jeg-25] o.s.a.r.l.SimpleMessageListenerContainer : Restarting Consumer@1d9cb199: tags=[[]], channel=null, acknowledgeMode=AUTO local queue size=0
2023-09-23 18:24:35.463  INFO [EMPLOYEE-SERVICE,,] 8300 --- [springCloudBus.anonymous.qpMxx2AUT06NufTrTW9Jeg-26] o.s.a.r.c.CachingConnectionFactory       : Attempting to connect to: [localhost:5672]
2023-09-23 18:24:42.493  WARN [EMPLOYEE-SERVICE,,] 8300 --- [springCloudBus.anonymous.qpMxx2AUT06NufTrTW9Jeg-26] o.s.a.r.l.SimpleMessageListenerContainer : Consumer raised exception, processing can restart if the connection factory supports it. Exception summary: org.springframework.amqp.AmqpConnectException: java.net.ConnectException: Connection refused: no further information
2023-09-23 18:24:42.495  INFO [EMPLOYEE-SERVICE,,] 8300 --- [springCloudBus.anonymous.qpMxx2AUT06NufTrTW9Jeg-26] o.s.a.r.l.SimpleMessageListenerContainer : Restarting Consumer@3a30981a: tags=[[]], channel=null, acknowledgeMode=AUTO local queue size=0
2023-09-23 18:24:42.497  INFO [EMPLOYEE-SERVICE,,] 8300 --- [springCloudBus.anonymous.qpMxx2AUT06NufTrTW9Jeg-27] o.s.a.r.c.CachingConnectionFactory       : Attempting to connect to: [localhost:5672]
2023-09-23 18:24:49.541  WARN [EMPLOYEE-SERVICE,,] 8300 --- [springCloudBus.anonymous.qpMxx2AUT06NufTrTW9Jeg-27] o.s.a.r.l.SimpleMessageListenerContainer : Consumer raised exception, processing can restart if the connection factory supports it. Exception summary: org.springframework.amqp.AmqpConnectException: java.net.ConnectException: Connection refused: no further information
2023-09-23 18:24:49.545  INFO [EMPLOYEE-SERVICE,,] 8300 --- [springCloudBus.anonymous.qpMxx2AUT06NufTrTW9Jeg-27] o.s.a.r.l.SimpleMessageListenerContainer : Restarting Consumer@7be23e95: tags=[[]], channel=null, acknowledgeMode=AUTO local queue size=0
2023-09-23 18:24:49.549  INFO [EMPLOYEE-SERVICE,,] 8300 --- [springCloudBus.anonymous.qpMxx2AUT06NufTrTW9Jeg-28] o.s.a.r.c.CachingConnectionFactory       : Attempting to connect to: [localhost:5672]
2023-09-23 18:24:55.613  INFO [EMPLOYEE-SERVICE,c73387ade7d9afba,c73387ade7d9afba] 8300 --- [http-nio-8082-exec-7] c.m.e.service.impl.EmployeeServiceImpl   : started getEmployeeById info log level 
2023-09-23 18:24:56.103  INFO [EMPLOYEE-SERVICE,c73387ade7d9afba,c73387ade7d9afba] 8300 --- [http-nio-8082-exec-7] c.m.e.service.impl.EmployeeServiceImpl   : ended getEmployeeById info log level 
2023-09-23 18:24:56.603  WARN [EMPLOYEE-SERVICE,,] 8300 --- [springCloudBus.anonymous.qpMxx2AUT06NufTrTW9Jeg-28] o.s.a.r.l.SimpleMessageListenerContainer : Consumer raised exception, processing can restart if the connection factory supports it. Exception summary: org.springframework.amqp.AmqpConnectException: java.net.ConnectException: Connection refused: no further information
2023-09-23 18:24:56.603  INFO [EMPLOYEE-SERVICE,,] 8300 --- [springCloudBus.anonymous.qpMxx2AUT06NufTrTW9Jeg-28] o.s.a.r.l.SimpleMessageListenerContainer : Restarting Consumer@149bc0f: tags=[[]], channel=null, acknowledgeMode=AUTO local queue size=0
2023-09-23 18:24:56.604  INFO [EMPLOYEE-SERVICE,,] 8300 --- [springCloudBus.anonymous.qpMxx2AUT06NufTrTW9Jeg-29] o.s.a.r.c.CachingConnectionFactory       : Attempting to connect to: [localhost:5672]
2023-09-23 18:25:03.706  WARN [EMPLOYEE-SERVICE,,] 8300 --- [springCloudBus.anonymous.qpMxx2AUT06NufTrTW9Jeg-29] o.s.a.r.l.SimpleMessageListenerContainer : Consumer raised exception, processing can restart if the connection factory supports it. Exception summary: org.springframework.amqp.AmqpConnectException: java.net.ConnectException: Connection refused: no further information
2023-09-23 18:25:03.707  INFO [EMPLOYEE-SERVICE,,] 8300 --- [springCloudBus.anonymous.qpMxx2AUT06NufTrTW9Jeg-29] o.s.a.r.l.SimpleMessageListenerContainer : Restarting Consumer@26cb85b1: tags=[[]], channel=null, acknowledgeMode=AUTO local queue size=0
2023-09-23 18:25:03.709  INFO [EMPLOYEE-SERVICE,,] 8300 --- [springCloudBus.anonymous.qpMxx2AUT06NufTrTW9Jeg-30] o.s.a.r.c.CachingConnectionFactory       : Attempting to connect to: [localhost:5672]
